C51 COMPILER V9.60.7.0   KEY                                                               07/06/2026 17:43:35 PAGE 1   


C51 COMPILER V9.60.7.0, COMPILATION OF MODULE KEY
OBJECT MODULE PLACED IN .\Release\Objects\key.obj
COMPILER INVOKED BY: C:\Keil_v5\C51\BIN\C51.EXE ..\..\Hardware\key.c LARGE OPTIMIZE(9,SIZE) BROWSE ORDER INTVECTOR(0X000
                    -C) INCDIR(..\..\Libraries\Include;..\..\User;..\..\Hardware) INTERVAL(3) DEBUG OBJECTEXTEND PRINT(.\Release\Listings\key
                    -.lst) OBJECT(.\Release\Objects\key.obj)

line level    source

   1          #include "key.h"
   2          #include "include.h"
   3          #include "user_config.h"
   4          #include "motor_handle.h"
   5          #include "pwm.h"
   6          
   7          // 检测按键的引脚，配置为输入上拉
   8          void key_init(void)
   9          {
  10   1          // SW1
  11   1          P3_PU |= GPIO_P31_PULL_UP(0x01);
  12   1          P3_MD1 &= ~GPIO_P31_MODE_SEL(0x03); // 输入
  13   1      }
  14          
  15          void key0_scan_handle(void)
  16          {
  17   1          // 使用边沿检测
  18   1          volatile u8 curr = KEY_0_PIN;         // 存放当前检测到的电平
  19   1          static volatile u8 last = U8_MAX_VAL; // 存放上一次检测到的电平
  20   1      
  21   1          if (curr == last)
  22   1          {
  23   2              return;
  24   2          }
  25   1      
  26   1          if (last != U8_MAX_VAL)
  27   1          {
  28   2              if (curr)
  29   2              {
  30   3                  // 上升沿
  31   3                  motor_set_dir(&motor_handle_0, MOTOR_DIR_NONE);
  32   3                  // printf("key0 level == 1\n");
  33   3                  // printf("toggle\n");
  34   3              }
  35   2              else
  36   2              {
  37   3                  // 下降沿
  38   3                  // printf("key0 level == 0\n");
  39   3              }
  40   2          }
  41   1          else // last == U8_MAX_VAL
  42   1          {
  43   2              // 第一次上电，忽略
  44   2              // printf("key0 last == U8_MAX_VAL\n");
  45   2          }
  46   1      
  47   1          last = curr;
  48   1      }


MODULE INFORMATION:   STATIC OVERLAYABLE
   CODE SIZE        =     66    ----
   CONSTANT SIZE    =   ----    ----
C51 COMPILER V9.60.7.0   KEY                                                               07/06/2026 17:43:35 PAGE 2   

   XDATA SIZE       =      1       1
   PDATA SIZE       =   ----    ----
   DATA SIZE        =   ----    ----
   IDATA SIZE       =   ----    ----
   BIT SIZE         =   ----    ----
END OF MODULE INFORMATION.


C51 COMPILATION COMPLETE.  0 WARNING(S),  0 ERROR(S)
