C51 COMPILER V9.60.7.0   LED                                                               07/06/2026 17:43:36 PAGE 1   


C51 COMPILER V9.60.7.0, COMPILATION OF MODULE LED
OBJECT MODULE PLACED IN .\Release\Objects\led.obj
COMPILER INVOKED BY: C:\Keil_v5\C51\BIN\C51.EXE ..\..\Hardware\led.c LARGE OPTIMIZE(9,SIZE) BROWSE ORDER INTVECTOR(0X000
                    -C) INCDIR(..\..\Libraries\Include;..\..\User;..\..\Hardware) INTERVAL(3) DEBUG OBJECTEXTEND PRINT(.\Release\Listings\led
                    -.lst) OBJECT(.\Release\Objects\led.obj)

line level    source

   1          #include "led.h"
   2          #include "include.h"
   3          
   4          void led_init(void)
   5          {
   6   1          P1_MD1 &= ~GPIO_P17_MODE_SEL(0x03);
   7   1          P1_MD1 |= GPIO_P17_MODE_SEL(0x01); // 输出
   8   1          
   9   1          LED_POWER_OFF();
  10   1      }


MODULE INFORMATION:   STATIC OVERLAYABLE
   CODE SIZE        =     13    ----
   CONSTANT SIZE    =   ----    ----
   XDATA SIZE       =   ----    ----
   PDATA SIZE       =   ----    ----
   DATA SIZE        =   ----    ----
   IDATA SIZE       =   ----    ----
   BIT SIZE         =   ----    ----
END OF MODULE INFORMATION.


C51 COMPILATION COMPLETE.  0 WARNING(S),  0 ERROR(S)
