C51 COMPILER V9.60.7.0   TASK                                                              07/16/2026 14:53:04 PAGE 1   


C51 COMPILER V9.60.7.0, COMPILATION OF MODULE TASK
OBJECT MODULE PLACED IN .\Release\Objects\task.obj
COMPILER INVOKED BY: C:\Keil_v5\C51\BIN\C51.EXE ..\..\Hardware\task.c LARGE OPTIMIZE(9,SIZE) BROWSE ORDER INTVECTOR(0X00
                    -0C) INCDIR(..\..\Libraries\Include;..\..\User;..\..\Hardware) INTERVAL(3) DEBUG OBJECTEXTEND PRINT(.\Release\Listings\ta
                    -sk.lst) OBJECT(.\Release\Objects\task.obj)

line level    source

   1          #include "task.h"
   2          #include "user_config.h"
   3          #include "adc.h"
   4          #include "key.h"
   5          #include "motor_handle.h" 
   6           
   7          
   8          /*
   9              定义任务列表，在这里注册任务
  10          */
  11          void task_debug(void);
  12          static volatile task_ctl_block_t task_table[] = {
  13              {0, 0, 1, motor_handle_func_0}, //
  14              // {0, 0, 1, motor_handle_func_1},
  15              // // =======================================================
  16              {0, 0, 10, key0_scan_handle},
  17              // {0, 0, 5, key1_scan_handle}, 
  18          
  19          #if USER_DEBUG_ENABLE
              // {0, 0, 100, task_debug},
              #endif
  22          };
  23          
  24          // 任务处理，由主循环调用
  25          void task_handle(void)
  26          {
  27   1          u8 i = 0;
  28   1      
  29   1          for (i = 0; i < (sizeof(task_table) / sizeof(task_ctl_block_t)); i++)
  30   1          {
  31   2              // 如果有任务就绪，调用该任务
  32   2              if (task_table[i].is_task_enable)
  33   2              {
  34   3                  task_table[i].is_task_enable = 0;
  35   3                  task_table[i].task_func();
  36   3              }
  37   2          }
  38   1      }
  39          
  40          // 任务调度，由定时器中断调用（跑时间片计数）
  41          void task_schedule_tick(void)
  42          {
  43   1          u8 i = 0;
  44   1          for (i = 0; i < (sizeof(task_table) / sizeof(task_ctl_block_t)); i++)
  45   1          {
  46   2              task_table[i].task_time_slice++;
  47   2              if (task_table[i].task_time_slice >= task_table[i].target_task_time_slice)
  48   2              {
  49   3                  task_table[i].task_time_slice = 0;
  50   3                  task_table[i].is_task_enable = 1;
  51   3              }
  52   2          }
  53   1      }
C51 COMPILER V9.60.7.0   TASK                                                              07/16/2026 14:53:04 PAGE 2   

  54          
  55          #if USER_DEBUG_ENABLE
              void task_debug(void)
              {
              }
              #endif


MODULE INFORMATION:   STATIC OVERLAYABLE
   CODE SIZE        =    153    ----
   CONSTANT SIZE    =   ----    ----
   XDATA SIZE       =     16       1
   PDATA SIZE       =   ----    ----
   DATA SIZE        =   ----    ----
   IDATA SIZE       =   ----    ----
   BIT SIZE         =   ----    ----
END OF MODULE INFORMATION.


C51 COMPILATION COMPLETE.  0 WARNING(S),  0 ERROR(S)
