C51 COMPILER V9.60.7.0   UART_DATA_HANDLE                                                  03/25/2026 16:34:36 PAGE 1   


C51 COMPILER V9.60.7.0, COMPILATION OF MODULE UART_DATA_HANDLE
OBJECT MODULE PLACED IN .\Release\Objects\uart_data_handle.obj
COMPILER INVOKED BY: C:\Keil_v5\C51\BIN\C51.EXE ..\..\User\uart_data_handle.c LARGE OPTIMIZE(9,SIZE) BROWSE ORDER INTVEC
                    -TOR(0X000C) INCDIR(..\..\Libraries\Include;..\..\User;..\..\Hardware) INTERVAL(3) DEBUG OBJECTEXTEND PRINT(.\Release\Lis
                    -tings\uart_data_handle.lst) OBJECT(.\Release\Objects\uart_data_handle.obj)

line level    source

   1          #include "uart_data_handle.h"
   2          #include "motor_handle.h"
   3          #include "user_config.h"
   4          
   5          static volatile u8 cmd_buff[10] = {0};    // еӯҳж”ҫжҺҘж”¶еҲ°зҡ„дёҖжқЎжҢҮд»Ө
   6          static volatile u8 cur_cmd_buff_len = 0;  // жҢҮзӨәеҪ“еүҚжҺҘж”¶еҲ°зҡ„жҢҮд»Өзҡ„зҙўеј•пјҲд№ӢеҗҺдјҡеңЁзЁӢеәҸд
             -ёӯжӣҙж–°пјҢдёҚз”Ёжё…йӣ¶пјү
   7          static volatile u8 dest_cmd_buff_len = 0; // еӯҳж”ҫжңҖз»ҲиҰҒжҺҘж”¶зҡ„жҢҮд»Өй•ҝеәҰпјҲд№ӢеҗҺдјҡеңЁзЁӢеәҸдёӯж
             -ӣҙж–°пјҢдёҚз”Ёжё…йӣ¶пјү
   8          
   9          static volatile u8 timeout_enable = 0; // и¶…ж—¶и®Ўж•°дҪҝиғҪ
  10          static volatile u16 timeout_cnt = 0;   // и¶…ж—¶и®Ўж•°
  11          
  12          // з”ұе®ҡж—¶дёӯж–ӯи°ғз”ЁпјҢзҙҜи®Ўи¶…ж—¶и®Ўж•°
  13          void uart_data_recv_timeout_add(void)
  14          {
  15   1          if (timeout_enable)
  16   1          {
  17   2              timeout_cnt += 10; // жңүи®Ўж•°жәўеҮәзҡ„йЈҺйҷ©пјҢиҰҒжіЁж„ҸеңЁжәўеҮәеүҚиҝӣиЎҢеӨ„зҗҶ
  18   2          }
  19   1      }
  20          
  21          // void uart_data_recv_timeout_clear(void)
  22          // {
  23          //     timeout_cnt = 0;
  24          // }
  25          
  26          void uart_data_handle(void)
  27          {
  28   1          static volatile u8 uart_data_handle_status = UART_DATA_HANDLE_STATUS_IDLE; // зҠ¶жҖҒжңә
  29   1      
  30   1          u8 recv_byte;
  31   1          u8 check_sum = 0; // еӯҳж”ҫи®Ўз®—д№ӢеҗҺзҡ„ж ЎйӘҢе’Ң
  32   1          u8 i;             // еҫӘзҺҜи®Ўж•°еҖј
  33   1      
  34   1          if (0 == uart0_rxbuffer_get_count())
  35   1          {
  36   2              // жңӘж”¶еҲ°ж•°жҚ®пјҢзҙҜеҠ и¶…ж—¶и®Ўж—¶
  37   2              if (timeout_cnt >= UART_DATA_HANDLE_TIMEOUT)
  38   2              {
  39   3                  // жҺҘж”¶и¶…ж—¶
  40   3                  timeout_cnt = 0;
  41   3                  timeout_enable = 0;                                     // дёҚдҪҝиғҪи¶…ж—¶и®Ўж•°
  42   3                  uart_data_handle_status = UART_DATA_HANDLE_STATUS_IDLE; // йҮҚж–°ејҖе§ӢжҺҘж”¶
  43   3      
  44   3      #if USER_DEBUG_ENABLE
              #if 0
                          // жү“еҚ°и¶…ж—¶д№ӢеҗҺпјҢзј“еҶІеҢәеҶ…зҡ„ж•°жҚ®
                          printf("=================================>\n");
                          printf("uart recv timeout\n");
                          for (i = 0; i < ARRAY_SIZE(cmd_buff); i++)
                          {
                              printf("%02x", (u16)cmd_buff[i]);
C51 COMPILER V9.60.7.0   UART_DATA_HANDLE                                                  03/25/2026 16:34:36 PAGE 2   

                          }
                          printf("=================================^\n");
              #endif
              #endif
  56   3              }
  57   2      
  58   2              return; // дёІеҸЈзј“еҶІеҢәзҡ„ж•°жҚ®дёәз©әпјҢзӣҙжҺҘиҝ”еӣһ
  59   2          }
  60   1      
  61   1          timeout_enable = 1; // дҪҝиғҪи¶…ж—¶и®Ўж•°
  62   1          timeout_cnt = 0;    // ж”¶еҲ°ж•°жҚ®пјҢжё…з©әеҖ’и®Ўж—¶
  63   1          recv_byte = uart0_rxbuffer_get_byte();
  64   1      
  65   1          switch (uart_data_handle_status)
  66   1          {
  67   2          case UART_DATA_HANDLE_STATUS_IDLE:
  68   2              if (UART_DATA_HANDLE_FORMAT_HEAD == recv_byte)
  69   2              {
  70   3                  cmd_buff[0] = recv_byte;
  71   3                  cur_cmd_buff_len = 1;
  72   3      
  73   3                  uart_data_handle_status = UART_DATA_HANDLE_STATUS_FORMAT_HEAD;
  74   3              }
  75   2              break;
  76   2              // ===============================================================
  77   2          case UART_DATA_HANDLE_STATUS_FORMAT_HEAD:
  78   2              cmd_buff[cur_cmd_buff_len++] = recv_byte;
  79   2              dest_cmd_buff_len = recv_byte;                         // еӯҳж”ҫиҰҒжҺҘж”¶зҡ„ж•°жҚ®й•ҝеәҰ
  80   2              uart_data_handle_status = UART_DATA_HANDLE_STATUS_LEN; // иЎЁзӨәжҺҘж”¶еҲ°дәҶж•°жҚ®её§й•ҝеәҰ
  81   2              // printf("len == %bu\n", dest_cmd_buff_len);
  82   2              break;
  83   2              // ===============================================================
  84   2          case UART_DATA_HANDLE_STATUS_LEN:
  85   2              cmd_buff[cur_cmd_buff_len++] = recv_byte;
  86   2              if (cur_cmd_buff_len >= dest_cmd_buff_len) // еҰӮжһңжҺҘж”¶е®ҢжүҖжңүзҡ„ж•°жҚ®
  87   2              {
  88   3                  for (i = 0; i < dest_cmd_buff_len - 1; i++)
  89   3                  {
  90   4                      check_sum += cmd_buff[i];
  91   4                  }
  92   3      
  93   3                  if (check_sum != cmd_buff[dest_cmd_buff_len - 1])
  94   3                  {
  95   4      // ж ЎйӘҢе’Ңй”ҷиҜҜ
  96   4      #if USER_DEBUG_ENABLE
                              // printf("check sum error\n");
              #endif
  99   4                      timeout_cnt = 0;
 100   4                      timeout_enable = 0;                                     // дёҚдҪҝиғҪи¶…ж—¶и®Ўж•°
 101   4                      uart_data_handle_status = UART_DATA_HANDLE_STATUS_IDLE; // йҮҚж–°жҺҘж”¶ж•°жҚ®
 102   4                  }
 103   3                  else
 104   3                  {
 105   4      // ж ЎйӘҢе’ҢжӯЈзЎ®
 106   4      #if USER_DEBUG_ENABLE
                              // printf("check sum ok\n");
              #endif
 109   4                      uart_data_handle_status = UART_DATA_HANDLE_STATUS_END;
 110   4                  }
 111   3              }
 112   2              break;
 113   2          // ===============================================================
C51 COMPILER V9.60.7.0   UART_DATA_HANDLE                                                  03/25/2026 16:34:36 PAGE 3   

 114   2          default:
 115   2      
 116   2              break;
 117   2          }
 118   1      
 119   1          if (UART_DATA_HANDLE_STATUS_END != uart_data_handle_status)
 120   1          {
 121   2              return; // жңӘжҺҘж”¶е®Ңж•°жҚ®пјҢдёҚиҝӣе…ҘдёӢйқўзҡ„еӨ„зҗҶж“ҚдҪңпјҢеҮҪж•°зӣҙжҺҘиҝ”еӣһ
 122   2          }
 123   1      
 124   1      #if USER_DEBUG_ENABLE
              #if 0
                  // жү“еҚ°жҺҘж”¶еҲ°зҡ„дёҖеё§ж•°жҚ®
                  for (i = 0; i < dest_cmd_buff_len; i++)
                  {
                      printf("0x%02x ", (u16)cmd_buff[i]);
                  }
                  printf("\n");
              #endif
              #endif
 134   1      
 135   1          switch (cmd_buff[2])
 136   1          {
 137   2              // еҲӨж–ӯиҰҒж“ҚдҪңе“ӘдёӘз”өжңә
 138   2          case 0x01:
 139   2              // printf("obj == motor 0 \n");
 140   2              switch (cmd_buff[3])
 141   2              {
 142   3                  // еҲӨж–ӯиҰҒжү§иЎҢд»Җд№Ҳж“ҚдҪң
 143   3              case UART_CMD_STOP: // еҒңжӯў
 144   3                  break;
 145   3              case UART_CMD_FORWARD: // жӯЈиҪ¬
 146   3                  motor_set_dir(&motor_handle_0, MOTOR_DIR_FORWARD);
 147   3      #if USER_DEBUG_ENABLE
                          // printf("motor 0 forward\n");
              #endif
 150   3                  break;
 151   3              case UART_CMD_REVERSE: // еҸҚиҪ¬
 152   3                  motor_set_dir(&motor_handle_0, MOTOR_DIR_REVERSE);
 153   3      #if USER_DEBUG_ENABLE
                          // printf("motor 0 reverse\n");
              #endif
 156   3                  break;
 157   3              default:
 158   3                  break;
 159   3              }
 160   2              break;
 161   2              // =======================================
 162   2          case 0x02:
 163   2              // printf("motor 1 \n");
 164   2              switch (cmd_buff[3])
 165   2              {
 166   3                  // еҲӨж–ӯиҰҒжү§иЎҢд»Җд№Ҳж“ҚдҪң
 167   3              case UART_CMD_STOP: // еҒңжӯў
 168   3                  break;
 169   3              case UART_CMD_FORWARD: // жӯЈиҪ¬
 170   3                  motor_set_dir(&motor_handle_1, MOTOR_DIR_FORWARD);
 171   3      #if USER_DEBUG_ENABLE
                          // printf("motor 1 forward\n");
              #endif
 174   3                  break;
 175   3              case UART_CMD_REVERSE: // еҸҚиҪ¬
C51 COMPILER V9.60.7.0   UART_DATA_HANDLE                                                  03/25/2026 16:34:36 PAGE 4   

 176   3                  motor_set_dir(&motor_handle_1, MOTOR_DIR_REVERSE);
 177   3      #if USER_DEBUG_ENABLE
                          // printf("motor 1 reverse\n");
              #endif
 180   3                  break;
 181   3              default:
 182   3                  break;
 183   3              }
 184   2              break;
 185   2      
 186   2          default:
 187   2              break;
 188   2          }
 189   1      
 190   1          // еӨ„зҗҶе®ҢжҲҗеҗҺпјҢйҮҚж–°жҺҘж”¶ж•°жҚ®
 191   1          timeout_cnt = 0;
 192   1          timeout_enable = 0; // дёҚдҪҝиғҪи¶…ж—¶и®Ўж•°
 193   1          uart_data_handle_status = UART_DATA_HANDLE_STATUS_IDLE;
 194   1      }


MODULE INFORMATION:   STATIC OVERLAYABLE
   CODE SIZE        =    315    ----
   CONSTANT SIZE    =   ----    ----
   XDATA SIZE       =     16       1
   PDATA SIZE       =   ----    ----
   DATA SIZE        =   ----    ----
   IDATA SIZE       =   ----    ----
   BIT SIZE         =   ----    ----
END OF MODULE INFORMATION.


C51 COMPILATION COMPLETE.  0 WARNING(S),  0 ERROR(S)
